
/home/runner/work/exp-formwork-for-column-iitd/exp-formwork-for-column-iitd/experiment/simulation/js/layout.js
   9:10  warning  'nextDrawerItem' is defined but never used  no-unused-vars
  20:10  warning  'backDrawerItem' is defined but never used  no-unused-vars

/home/runner/work/exp-formwork-for-column-iitd/exp-formwork-for-column-iitd/experiment/simulation/js/main.js
   189:7   warning  'ChartGraph' is assigned a value but never used     no-unused-vars
   193:6   warning  'Graph1' is not defined                             no-undef
   197:6   warning  'Graph2' is not defined                             no-undef
   201:6   warning  'Graph3' is not defined                             no-undef
   205:6   warning  'Graph4' is not defined                             no-undef
   221:23  warning  'Chart' is not defined                              no-undef
   255:5   warning  'isPerformNext' is assigned a value but never used  no-unused-vars
   280:7   warning  'opacity' is assigned a value but never used        no-unused-vars
   286:7   warning  'hideAll' is assigned a value but never used        no-unused-vars
   286:28  warning  'disp' is assigned a value but never used           no-unused-vars
   292:7   warning  'showAll' is assigned a value but never used        no-unused-vars
   292:28  warning  'disp' is assigned a value but never used           no-unused-vars
   299:7   warning  'set' is assigned a value but never used            no-unused-vars
   332:29  warning  'speed' is assigned a value but never used          no-unused-vars
   339:15  warning  'Typed' is not defined                              no-undef
   360:19  warning  'src' is not defined                                no-undef
   492:17  warning  'anime' is not defined                              no-undef
   646:10  warning  'cursorPointer' is defined but never used           no-unused-vars
   793:10  warning  'i' is not defined                                  no-undef
   794:18  warning  'i' is not defined                                  no-undef
   796:10  warning  'i' is not defined                                  no-undef
   797:11  warning  'i' is not defined                                  no-undef
   797:28  warning  'i' is not defined                                  no-undef
   797:48  warning  'i' is not defined                                  no-undef
   800:25  warning  'i' is not defined                                  no-undef
   824:6   warning  'intro' is not defined                              no-undef
   852:18  warning  'anime' is not defined                              no-undef
   874:15  warning  'intru' is not defined                              no-undef
   874:27  warning  'Typed' is not defined                              no-undef
   892:16  warning  'intru' is not defined                              no-undef
   908:6   warning  'objective' is not defined                          no-undef
   924:5   warning  'anime' is not defined                              no-undef
   936:6   warning  'step1' is not defined                              no-undef
   975:9   warning  'anime' is not defined                              no-undef
  1065:6   warning  'step2' is not defined                              no-undef
  1112:13  warning  'anime' is not defined                              no-undef
  1129:15  warning  'anime' is not defined                              no-undef
  1152:13  warning  'anime' is not defined                              no-undef
  1195:17  warning  'anime' is not defined                              no-undef
  1254:6   warning  'step3' is not defined                              no-undef
  1274:27  warning  'anime' is not defined                              no-undef
  1319:13  warning  'anime' is not defined                              no-undef
  1341:13  warning  'anime' is not defined                              no-undef
  1452:6   warning  'step4' is not defined                              no-undef
  1521:7   warning  'anime' is not defined                              no-undef
  1585:9   warning  'anime' is not defined                              no-undef
  1605:9   warning  'anime' is not defined                              no-undef
  1630:11  warning  'anime' is not defined                              no-undef
  1653:13  warning  'anime' is not defined                              no-undef
  1691:6   warning  'step5' is not defined                              no-undef
  1733:9   warning  'anime' is not defined                              no-undef
  1791:13  warning  'anime' is not defined                              no-undef
  1815:13  warning  'anime' is not defined                              no-undef
  1829:13  warning  'anime' is not defined                              no-undef
  1875:6   warning  'step6' is not defined                              no-undef
  1910:7   warning  'anime' is not defined                              no-undef
  1931:7   warning  'anime' is not defined                              no-undef
  1948:11  warning  'anime' is not defined                              no-undef
  1991:6   warning  'step7' is not defined                              no-undef
  2033:11  warning  'anime' is not defined                              no-undef
  2047:13  warning  'anime' is not defined                              no-undef
  2057:13  warning  'anime' is not defined                              no-undef
  2067:13  warning  'anime' is not defined                              no-undef
  2083:11  warning  'anime' is not defined                              no-undef
  2110:13  warning  'anime' is not defined                              no-undef
  2134:13  warning  'anime' is not defined                              no-undef
  2158:15  warning  'anime' is not defined                              no-undef
  2186:7   warning  'anime' is not defined                              no-undef
  2222:6   warning  'completed' is not defined                          no-undef
  2259:7   warning  'backDrawerItem' is not defined                     no-undef
  2260:7   warning  'backProgressBar' is not defined                    no-undef
  2270:9   warning  'nextDrawerItem' is not defined                     no-undef
  2271:9   warning  'nextProgressBar' is not defined                    no-undef
  2274:12  warning  Empty block statement                               no-empty
  2322:10  warning  'getCursor' is defined but never used               no-unused-vars

/home/runner/work/exp-formwork-for-column-iitd/exp-formwork-for-column-iitd/experiment/simulation/js/progressBar.js
   2:7  warning  'prevBtns' is assigned a value but never used         no-unused-vars
   3:7  warning  'nextBtns' is assigned a value but never used         no-unused-vars
  12:7  warning  'nextProgressBar' is assigned a value but never used  no-unused-vars
  19:7  warning  'backProgressBar' is assigned a value but never used  no-unused-vars

✖ 81 problems (0 errors, 81 warnings)

